2019-09-04 15:25:07,901 [Worker-2] INFO  c.g.t.t.d.PublishedGradleVersions - Gradle version information cache is up-to-date. Trying to read.
2020-06-22 12:32:32,437 [Worker-5: Loading available Gradle versions] INFO  c.g.t.t.d.PublishedGradleVersions - Gradle version information cache is up-to-date. Trying to read.
2020-08-24 12:36:13,143 [Worker-11] INFO  o.e.m.c.i.l.LifecycleMappingFactory - Using org.eclipse.m2e.jdt.JarLifecycleMapping lifecycle mapping for MavenProject: ShowItBig:ShowItBig:0.0.1-SNAPSHOT @ E:\Sheetal\ERPGitProject\ERP19August\pom.xml.
2020-08-24 12:36:15,515 [Worker-11] INFO  o.e.m.c.i.embedder.EclipseLogger - Source directory: E:\Sheetal\ERPGitProject\ERP19August\scenarios added.
2020-08-24 12:36:15,720 [Worker-11] INFO  o.e.m.j.i.AbstractJavaProjectConfigurator - Adding source folder /ShowItBig/pages
2020-08-24 12:36:15,721 [Worker-11] INFO  o.e.m.j.i.AbstractJavaProjectConfigurator - Adding source folder /ShowItBig/scenarios
2020-08-24 12:36:15,722 [Worker-11] INFO  o.e.m.j.i.AbstractJavaProjectConfigurator - Adding source folder /ShowItBig/src/test/java
2020-08-24 12:36:16,074 [Worker-11] INFO  o.e.m.c.i.p.ProjectConfigurationManager - Imported and configured 1 project(s) in 7 sec
2020-08-24 12:36:23,609 [Worker-9] INFO  o.e.m.c.i.embedder.EclipseLogger - Source directory: E:\Sheetal\ERPGitProject\ERP19August\scenarios added.
2020-08-24 12:36:23,633 [Worker-9] WARN  o.e.m.c.i.embedder.EclipseLogger - Using platform encoding (Cp1252 actually) to copy filtered resources, i.e. build is platform dependent!
2020-08-24 12:36:24,217 [Worker-9] INFO  o.e.m.c.i.embedder.EclipseLogger - skip non existing resourceDirectory E:\Sheetal\ERPGitProject\ERP19August\src\main\resources
2020-08-24 12:36:24,224 [Worker-9] WARN  o.e.m.c.i.embedder.EclipseLogger - Using platform encoding (Cp1252 actually) to copy filtered resources, i.e. build is platform dependent!
2020-08-24 12:36:24,475 [Worker-9] INFO  o.e.m.c.i.embedder.EclipseLogger - skip non existing resourceDirectory E:\Sheetal\ERPGitProject\ERP19August\src\test\resources
2020-08-24 12:55:41,003 [Worker-26] INFO  o.e.m.c.i.embedder.EclipseLogger - Source directory: E:\Sheetal\ERPGitProject\ERP19August\scenarios added.
2020-08-24 12:55:41,006 [Worker-26] WARN  o.e.m.c.i.embedder.EclipseLogger - Using platform encoding (Cp1252 actually) to copy filtered resources, i.e. build is platform dependent!
2020-08-24 12:55:41,051 [Worker-26] INFO  o.e.m.c.i.embedder.EclipseLogger - skip non existing resourceDirectory E:\Sheetal\ERPGitProject\ERP19August\src\main\resources
2020-08-24 12:55:41,053 [Worker-26] WARN  o.e.m.c.i.embedder.EclipseLogger - Using platform encoding (Cp1252 actually) to copy filtered resources, i.e. build is platform dependent!
2020-08-24 12:55:41,065 [Worker-26] INFO  o.e.m.c.i.embedder.EclipseLogger - skip non existing resourceDirectory E:\Sheetal\ERPGitProject\ERP19August\src\test\resources
2020-08-24 13:33:26,180 [Worker-17] INFO  o.e.m.c.i.embedder.EclipseLogger - Source directory: E:\Sheetal\ERPGitProject\ERP19August\scenarios added.
2020-08-24 13:33:26,186 [Worker-17] WARN  o.e.m.c.i.embedder.EclipseLogger - Using platform encoding (Cp1252 actually) to copy filtered resources, i.e. build is platform dependent!
2020-08-24 13:33:26,226 [Worker-17] INFO  o.e.m.c.i.embedder.EclipseLogger - skip non existing resourceDirectory E:\Sheetal\ERPGitProject\ERP19August\src\main\resources
2020-08-24 13:33:26,228 [Worker-17] WARN  o.e.m.c.i.embedder.EclipseLogger - Using platform encoding (Cp1252 actually) to copy filtered resources, i.e. build is platform dependent!
2020-08-24 13:33:26,256 [Worker-17] INFO  o.e.m.c.i.embedder.EclipseLogger - skip non existing resourceDirectory E:\Sheetal\ERPGitProject\ERP19August\src\test\resources
2020-08-24 13:36:58,878 [Worker-18] INFO  o.e.m.c.i.embedder.EclipseLogger - Source directory: E:\Sheetal\ERPGitProject\ERP19August\scenarios added.
2020-08-24 13:36:58,888 [Worker-18] WARN  o.e.m.c.i.embedder.EclipseLogger - Using platform encoding (Cp1252 actually) to copy filtered resources, i.e. build is platform dependent!
2020-08-24 13:36:58,915 [Worker-18] INFO  o.e.m.c.i.embedder.EclipseLogger - skip non existing resourceDirectory E:\Sheetal\ERPGitProject\ERP19August\src\main\resources
2020-08-24 13:36:58,924 [Worker-18] WARN  o.e.m.c.i.embedder.EclipseLogger - Using platform encoding (Cp1252 actually) to copy filtered resources, i.e. build is platform dependent!
2020-08-24 13:36:58,935 [Worker-18] INFO  o.e.m.c.i.embedder.EclipseLogger - skip non existing resourceDirectory E:\Sheetal\ERPGitProject\ERP19August\src\test\resources
2020-08-24 14:02:08,934 [Worker-30] INFO  o.e.m.c.i.embedder.EclipseLogger - Source directory: E:\Sheetal\ERPGitProject\ERP19August\scenarios added.
2020-08-24 14:02:08,937 [Worker-30] WARN  o.e.m.c.i.embedder.EclipseLogger - Using platform encoding (Cp1252 actually) to copy filtered resources, i.e. build is platform dependent!
2020-08-24 14:02:09,103 [Worker-30] INFO  o.e.m.c.i.embedder.EclipseLogger - skip non existing resourceDirectory E:\Sheetal\ERPGitProject\ERP19August\src\main\resources
2020-08-24 14:02:09,117 [Worker-30] WARN  o.e.m.c.i.embedder.EclipseLogger - Using platform encoding (Cp1252 actually) to copy filtered resources, i.e. build is platform dependent!
2020-08-24 14:02:09,136 [Worker-30] INFO  o.e.m.c.i.embedder.EclipseLogger - skip non existing resourceDirectory E:\Sheetal\ERPGitProject\ERP19August\src\test\resources
2020-08-24 14:08:46,496 [Worker-19] INFO  o.e.m.c.i.embedder.EclipseLogger - Source directory: E:\Sheetal\ERPGitProject\ERP19August\scenarios added.
2020-08-24 14:08:46,503 [Worker-19] WARN  o.e.m.c.i.embedder.EclipseLogger - Using platform encoding (Cp1252 actually) to copy filtered resources, i.e. build is platform dependent!
2020-08-24 14:08:46,525 [Worker-19] INFO  o.e.m.c.i.embedder.EclipseLogger - skip non existing resourceDirectory E:\Sheetal\ERPGitProject\ERP19August\src\main\resources
2020-08-24 14:08:46,535 [Worker-19] WARN  o.e.m.c.i.embedder.EclipseLogger - Using platform encoding (Cp1252 actually) to copy filtered resources, i.e. build is platform dependent!
2020-08-24 14:08:46,546 [Worker-19] INFO  o.e.m.c.i.embedder.EclipseLogger - skip non existing resourceDirectory E:\Sheetal\ERPGitProject\ERP19August\src\test\resources
2020-08-24 14:09:21,103 [Worker-30] INFO  o.e.m.c.i.embedder.EclipseLogger - Source directory: E:\Sheetal\ERPGitProject\ERP19August\scenarios added.
2020-08-24 14:09:21,107 [Worker-30] WARN  o.e.m.c.i.embedder.EclipseLogger - Using platform encoding (Cp1252 actually) to copy filtered resources, i.e. build is platform dependent!
2020-08-24 14:09:21,119 [Worker-30] INFO  o.e.m.c.i.embedder.EclipseLogger - skip non existing resourceDirectory E:\Sheetal\ERPGitProject\ERP19August\src\main\resources
2020-08-24 14:09:21,120 [Worker-30] WARN  o.e.m.c.i.embedder.EclipseLogger - Using platform encoding (Cp1252 actually) to copy filtered resources, i.e. build is platform dependent!
2020-08-24 14:09:21,139 [Worker-30] INFO  o.e.m.c.i.embedder.EclipseLogger - skip non existing resourceDirectory E:\Sheetal\ERPGitProject\ERP19August\src\test\resources
2020-08-24 14:11:43,586 [Worker-24] INFO  o.e.m.c.i.embedder.EclipseLogger - Source directory: E:\Sheetal\ERPGitProject\ERP19August\scenarios added.
2020-08-24 14:11:43,620 [Worker-24] WARN  o.e.m.c.i.embedder.EclipseLogger - Using platform encoding (Cp1252 actually) to copy filtered resources, i.e. build is platform dependent!
2020-08-24 14:11:43,645 [Worker-24] INFO  o.e.m.c.i.embedder.EclipseLogger - skip non existing resourceDirectory E:\Sheetal\ERPGitProject\ERP19August\src\main\resources
2020-08-24 14:11:43,657 [Worker-24] WARN  o.e.m.c.i.embedder.EclipseLogger - Using platform encoding (Cp1252 actually) to copy filtered resources, i.e. build is platform dependent!
2020-08-24 14:11:43,666 [Worker-24] INFO  o.e.m.c.i.embedder.EclipseLogger - skip non existing resourceDirectory E:\Sheetal\ERPGitProject\ERP19August\src\test\resources
2020-08-24 14:12:16,879 [Worker-9] INFO  o.e.m.c.i.embedder.EclipseLogger - Source directory: E:\Sheetal\ERPGitProject\ERP19August\scenarios added.
2020-08-24 14:12:16,881 [Worker-9] WARN  o.e.m.c.i.embedder.EclipseLogger - Using platform encoding (Cp1252 actually) to copy filtered resources, i.e. build is platform dependent!
2020-08-24 14:12:16,899 [Worker-9] INFO  o.e.m.c.i.embedder.EclipseLogger - skip non existing resourceDirectory E:\Sheetal\ERPGitProject\ERP19August\src\main\resources
2020-08-24 14:12:16,911 [Worker-9] WARN  o.e.m.c.i.embedder.EclipseLogger - Using platform encoding (Cp1252 actually) to copy filtered resources, i.e. build is platform dependent!
2020-08-24 14:12:16,929 [Worker-9] INFO  o.e.m.c.i.embedder.EclipseLogger - skip non existing resourceDirectory E:\Sheetal\ERPGitProject\ERP19August\src\test\resources
2020-08-24 14:12:20,332 [Worker-24] INFO  o.e.m.c.i.embedder.EclipseLogger - Source directory: E:\Sheetal\ERPGitProject\ERP19August\scenarios added.
2020-08-24 14:12:20,341 [Worker-24] WARN  o.e.m.c.i.embedder.EclipseLogger - Using platform encoding (Cp1252 actually) to copy filtered resources, i.e. build is platform dependent!
2020-08-24 14:12:20,359 [Worker-24] INFO  o.e.m.c.i.embedder.EclipseLogger - skip non existing resourceDirectory E:\Sheetal\ERPGitProject\ERP19August\src\main\resources
2020-08-24 14:12:20,367 [Worker-24] WARN  o.e.m.c.i.embedder.EclipseLogger - Using platform encoding (Cp1252 actually) to copy filtered resources, i.e. build is platform dependent!
2020-08-24 14:12:20,379 [Worker-24] INFO  o.e.m.c.i.embedder.EclipseLogger - skip non existing resourceDirectory E:\Sheetal\ERPGitProject\ERP19August\src\test\resources
2020-08-24 14:12:31,104 [Worker-24] INFO  o.e.m.c.i.embedder.EclipseLogger - Source directory: E:\Sheetal\ERPGitProject\ERP19August\scenarios added.
2020-08-24 14:12:31,106 [Worker-24] WARN  o.e.m.c.i.embedder.EclipseLogger - Using platform encoding (Cp1252 actually) to copy filtered resources, i.e. build is platform dependent!
2020-08-24 14:12:31,115 [Worker-24] INFO  o.e.m.c.i.embedder.EclipseLogger - skip non existing resourceDirectory E:\Sheetal\ERPGitProject\ERP19August\src\main\resources
2020-08-24 14:12:31,116 [Worker-24] WARN  o.e.m.c.i.embedder.EclipseLogger - Using platform encoding (Cp1252 actually) to copy filtered resources, i.e. build is platform dependent!
2020-08-24 14:12:31,127 [Worker-24] INFO  o.e.m.c.i.embedder.EclipseLogger - skip non existing resourceDirectory E:\Sheetal\ERPGitProject\ERP19August\src\test\resources
2020-08-24 14:12:34,728 [Worker-23] INFO  o.e.m.c.i.embedder.EclipseLogger - Source directory: E:\Sheetal\ERPGitProject\ERP19August\scenarios added.
2020-08-24 14:12:34,731 [Worker-23] WARN  o.e.m.c.i.embedder.EclipseLogger - Using platform encoding (Cp1252 actually) to copy filtered resources, i.e. build is platform dependent!
2020-08-24 14:12:34,746 [Worker-23] INFO  o.e.m.c.i.embedder.EclipseLogger - skip non existing resourceDirectory E:\Sheetal\ERPGitProject\ERP19August\src\main\resources
2020-08-24 14:12:34,759 [Worker-23] WARN  o.e.m.c.i.embedder.EclipseLogger - Using platform encoding (Cp1252 actually) to copy filtered resources, i.e. build is platform dependent!
2020-08-24 14:12:34,771 [Worker-23] INFO  o.e.m.c.i.embedder.EclipseLogger - skip non existing resourceDirectory E:\Sheetal\ERPGitProject\ERP19August\src\test\resources
2020-08-24 14:20:04,292 [Worker-29] INFO  o.e.m.c.i.embedder.EclipseLogger - Source directory: E:\Sheetal\ERPGitProject\ERP19August\scenarios added.
2020-08-24 14:20:04,294 [Worker-29] WARN  o.e.m.c.i.embedder.EclipseLogger - Using platform encoding (Cp1252 actually) to copy filtered resources, i.e. build is platform dependent!
2020-08-24 14:20:04,538 [Worker-29] INFO  o.e.m.c.i.embedder.EclipseLogger - skip non existing resourceDirectory E:\Sheetal\ERPGitProject\ERP19August\src\main\resources
2020-08-24 14:20:04,561 [Worker-29] WARN  o.e.m.c.i.embedder.EclipseLogger - Using platform encoding (Cp1252 actually) to copy filtered resources, i.e. build is platform dependent!
2020-08-24 14:20:04,603 [Worker-29] INFO  o.e.m.c.i.embedder.EclipseLogger - skip non existing resourceDirectory E:\Sheetal\ERPGitProject\ERP19August\src\test\resources
2020-08-24 14:22:38,588 [Worker-23] INFO  o.e.m.c.i.embedder.EclipseLogger - Source directory: E:\Sheetal\ERPGitProject\ERP19August\scenarios added.
2020-08-24 14:22:38,597 [Worker-23] WARN  o.e.m.c.i.embedder.EclipseLogger - Using platform encoding (Cp1252 actually) to copy filtered resources, i.e. build is platform dependent!
2020-08-24 14:22:38,615 [Worker-23] INFO  o.e.m.c.i.embedder.EclipseLogger - skip non existing resourceDirectory E:\Sheetal\ERPGitProject\ERP19August\src\main\resources
2020-08-24 14:22:38,625 [Worker-23] WARN  o.e.m.c.i.embedder.EclipseLogger - Using platform encoding (Cp1252 actually) to copy filtered resources, i.e. build is platform dependent!
2020-08-24 14:22:38,633 [Worker-23] INFO  o.e.m.c.i.embedder.EclipseLogger - skip non existing resourceDirectory E:\Sheetal\ERPGitProject\ERP19August\src\test\resources
2020-08-24 14:23:04,223 [Worker-24] INFO  o.e.m.c.i.embedder.EclipseLogger - Source directory: E:\Sheetal\ERPGitProject\ERP19August\scenarios added.
2020-08-24 14:23:04,224 [Worker-24] WARN  o.e.m.c.i.embedder.EclipseLogger - Using platform encoding (Cp1252 actually) to copy filtered resources, i.e. build is platform dependent!
2020-08-24 14:23:04,236 [Worker-24] INFO  o.e.m.c.i.embedder.EclipseLogger - skip non existing resourceDirectory E:\Sheetal\ERPGitProject\ERP19August\src\main\resources
2020-08-24 14:23:04,238 [Worker-24] WARN  o.e.m.c.i.embedder.EclipseLogger - Using platform encoding (Cp1252 actually) to copy filtered resources, i.e. build is platform dependent!
2020-08-24 14:23:04,256 [Worker-24] INFO  o.e.m.c.i.embedder.EclipseLogger - skip non existing resourceDirectory E:\Sheetal\ERPGitProject\ERP19August\src\test\resources
2020-08-24 14:24:51,442 [Worker-9] INFO  o.e.m.c.i.embedder.EclipseLogger - Source directory: E:\Sheetal\ERPGitProject\ERP19August\scenarios added.
2020-08-24 14:24:51,453 [Worker-9] WARN  o.e.m.c.i.embedder.EclipseLogger - Using platform encoding (Cp1252 actually) to copy filtered resources, i.e. build is platform dependent!
2020-08-24 14:24:51,470 [Worker-9] INFO  o.e.m.c.i.embedder.EclipseLogger - skip non existing resourceDirectory E:\Sheetal\ERPGitProject\ERP19August\src\main\resources
2020-08-24 14:24:51,477 [Worker-9] WARN  o.e.m.c.i.embedder.EclipseLogger - Using platform encoding (Cp1252 actually) to copy filtered resources, i.e. build is platform dependent!
2020-08-24 14:24:51,486 [Worker-9] INFO  o.e.m.c.i.embedder.EclipseLogger - skip non existing resourceDirectory E:\Sheetal\ERPGitProject\ERP19August\src\test\resources
2020-08-24 14:31:35,104 [Worker-26] INFO  o.e.m.c.i.embedder.EclipseLogger - Source directory: E:\Sheetal\ERPGitProject\ERP19August\scenarios added.
2020-08-24 14:31:35,105 [Worker-26] WARN  o.e.m.c.i.embedder.EclipseLogger - Using platform encoding (Cp1252 actually) to copy filtered resources, i.e. build is platform dependent!
2020-08-24 14:31:35,119 [Worker-26] INFO  o.e.m.c.i.embedder.EclipseLogger - skip non existing resourceDirectory E:\Sheetal\ERPGitProject\ERP19August\src\main\resources
2020-08-24 14:31:35,126 [Worker-26] WARN  o.e.m.c.i.embedder.EclipseLogger - Using platform encoding (Cp1252 actually) to copy filtered resources, i.e. build is platform dependent!
2020-08-24 14:31:35,138 [Worker-26] INFO  o.e.m.c.i.embedder.EclipseLogger - skip non existing resourceDirectory E:\Sheetal\ERPGitProject\ERP19August\src\test\resources
2020-08-24 14:32:47,449 [Worker-27] INFO  o.e.m.c.i.embedder.EclipseLogger - Source directory: E:\Sheetal\ERPGitProject\ERP19August\scenarios added.
2020-08-24 14:32:47,464 [Worker-27] WARN  o.e.m.c.i.embedder.EclipseLogger - Using platform encoding (Cp1252 actually) to copy filtered resources, i.e. build is platform dependent!
2020-08-24 14:32:47,495 [Worker-27] INFO  o.e.m.c.i.embedder.EclipseLogger - skip non existing resourceDirectory E:\Sheetal\ERPGitProject\ERP19August\src\main\resources
2020-08-24 14:32:47,508 [Worker-27] WARN  o.e.m.c.i.embedder.EclipseLogger - Using platform encoding (Cp1252 actually) to copy filtered resources, i.e. build is platform dependent!
2020-08-24 14:32:47,521 [Worker-27] INFO  o.e.m.c.i.embedder.EclipseLogger - skip non existing resourceDirectory E:\Sheetal\ERPGitProject\ERP19August\src\test\resources
2020-08-24 14:46:09,810 [Worker-24] INFO  o.e.m.c.i.embedder.EclipseLogger - Source directory: E:\Sheetal\ERPGitProject\ERP19August\scenarios added.
2020-08-24 14:46:09,812 [Worker-24] WARN  o.e.m.c.i.embedder.EclipseLogger - Using platform encoding (Cp1252 actually) to copy filtered resources, i.e. build is platform dependent!
2020-08-24 14:46:09,820 [Worker-24] INFO  o.e.m.c.i.embedder.EclipseLogger - skip non existing resourceDirectory E:\Sheetal\ERPGitProject\ERP19August\src\main\resources
2020-08-24 14:46:09,821 [Worker-24] WARN  o.e.m.c.i.embedder.EclipseLogger - Using platform encoding (Cp1252 actually) to copy filtered resources, i.e. build is platform dependent!
2020-08-24 14:46:09,830 [Worker-24] INFO  o.e.m.c.i.embedder.EclipseLogger - skip non existing resourceDirectory E:\Sheetal\ERPGitProject\ERP19August\src\test\resources
2020-08-24 14:46:23,854 [Worker-31] INFO  o.e.m.c.i.embedder.EclipseLogger - Source directory: E:\Sheetal\ERPGitProject\ERP19August\scenarios added.
2020-08-24 14:46:23,856 [Worker-31] WARN  o.e.m.c.i.embedder.EclipseLogger - Using platform encoding (Cp1252 actually) to copy filtered resources, i.e. build is platform dependent!
2020-08-24 14:46:23,869 [Worker-31] INFO  o.e.m.c.i.embedder.EclipseLogger - skip non existing resourceDirectory E:\Sheetal\ERPGitProject\ERP19August\src\main\resources
2020-08-24 14:46:23,880 [Worker-31] WARN  o.e.m.c.i.embedder.EclipseLogger - Using platform encoding (Cp1252 actually) to copy filtered resources, i.e. build is platform dependent!
2020-08-24 14:46:23,892 [Worker-31] INFO  o.e.m.c.i.embedder.EclipseLogger - skip non existing resourceDirectory E:\Sheetal\ERPGitProject\ERP19August\src\test\resources
2020-08-24 14:46:53,186 [Worker-18] WARN  o.e.r.models.ModelRepository - Failed to download org.eclipse.recommenders:index::zip:0.0.0
org.eclipse.aether.resolution.ArtifactResolutionException: Could not find artifact org.eclipse.recommenders:index:zip:0.0.0-SNAPSHOT in models (http://download.eclipse.org/recommenders/models/mars/)
	at org.eclipse.aether.internal.impl.DefaultArtifactResolver.resolve(DefaultArtifactResolver.java:444) ~[na:na]
	at org.eclipse.aether.internal.impl.DefaultArtifactResolver.resolveArtifacts(DefaultArtifactResolver.java:246) ~[na:na]
	at org.eclipse.aether.internal.impl.DefaultArtifactResolver.resolveArtifact(DefaultArtifactResolver.java:223) ~[na:na]
	at org.eclipse.aether.internal.impl.DefaultRepositorySystem.resolveArtifact(DefaultRepositorySystem.java:294) ~[na:na]
	at org.eclipse.recommenders.models.ModelRepository.resolveInternal(ModelRepository.java:192) [org.eclipse.recommenders.models_2.3.0.v20160216-1255.jar:na]
	at org.eclipse.recommenders.models.ModelRepository.resolve(ModelRepository.java:174) [org.eclipse.recommenders.models_2.3.0.v20160216-1255.jar:na]
	at org.eclipse.recommenders.internal.models.rcp.EclipseModelRepository.resolve(EclipseModelRepository.java:165) [org.eclipse.recommenders.models.rcp_2.3.0.v20160216-1255.jar:na]
	at org.eclipse.recommenders.internal.models.rcp.DownloadModelArchiveJob.run(DownloadModelArchiveJob.java:76) [org.eclipse.recommenders.models.rcp_2.3.0.v20160216-1255.jar:na]
	at org.eclipse.core.internal.jobs.Worker.run(Worker.java:55) [org.eclipse.core.jobs_3.7.0.v20150330-2103.jar:na]
Caused by: org.eclipse.aether.transfer.ArtifactNotFoundException: Could not find artifact org.eclipse.recommenders:index:zip:0.0.0-SNAPSHOT in models (http://download.eclipse.org/recommenders/models/mars/)
	at org.eclipse.aether.connector.basic.ArtifactTransportListener.transferFailed(ArtifactTransportListener.java:39) ~[org.eclipse.aether.connector.basic_1.0.1.v20141111.jar:na]
	at org.eclipse.aether.connector.basic.BasicRepositoryConnector$TaskRunner.run(BasicRepositoryConnector.java:355) ~[org.eclipse.aether.connector.basic_1.0.1.v20141111.jar:na]
	at org.eclipse.aether.util.concurrency.RunnableErrorForwarder$1.run(RunnableErrorForwarder.java:67) ~[na:na]
	at org.eclipse.aether.connector.basic.BasicRepositoryConnector$DirectExecutor.execute(BasicRepositoryConnector.java:581) ~[org.eclipse.aether.connector.basic_1.0.1.v20141111.jar:na]
	at org.eclipse.aether.connector.basic.BasicRepositoryConnector.get(BasicRepositoryConnector.java:249) ~[org.eclipse.aether.connector.basic_1.0.1.v20141111.jar:na]
	at org.eclipse.aether.internal.impl.DefaultArtifactResolver.performDownloads(DefaultArtifactResolver.java:520) ~[na:na]
	at org.eclipse.aether.internal.impl.DefaultArtifactResolver.resolve(DefaultArtifactResolver.java:421) ~[na:na]
	... 8 common frames omitted
2020-08-24 14:47:28,702 [Worker-29] INFO  o.e.m.c.i.embedder.EclipseLogger - Source directory: E:\Sheetal\ERPGitProject\ERP19August\scenarios added.
2020-08-24 14:47:28,731 [Worker-29] WARN  o.e.m.c.i.embedder.EclipseLogger - Using platform encoding (Cp1252 actually) to copy filtered resources, i.e. build is platform dependent!
2020-08-24 14:47:28,766 [Worker-29] INFO  o.e.m.c.i.embedder.EclipseLogger - skip non existing resourceDirectory E:\Sheetal\ERPGitProject\ERP19August\src\main\resources
2020-08-24 14:47:28,781 [Worker-29] WARN  o.e.m.c.i.embedder.EclipseLogger - Using platform encoding (Cp1252 actually) to copy filtered resources, i.e. build is platform dependent!
2020-08-24 14:47:28,790 [Worker-29] INFO  o.e.m.c.i.embedder.EclipseLogger - skip non existing resourceDirectory E:\Sheetal\ERPGitProject\ERP19August\src\test\resources
2020-08-24 14:48:11,298 [Worker-30] INFO  o.e.m.c.i.embedder.EclipseLogger - Source directory: E:\Sheetal\ERPGitProject\ERP19August\scenarios added.
2020-08-24 14:48:11,300 [Worker-30] WARN  o.e.m.c.i.embedder.EclipseLogger - Using platform encoding (Cp1252 actually) to copy filtered resources, i.e. build is platform dependent!
2020-08-24 14:48:11,312 [Worker-30] INFO  o.e.m.c.i.embedder.EclipseLogger - skip non existing resourceDirectory E:\Sheetal\ERPGitProject\ERP19August\src\main\resources
2020-08-24 14:48:11,313 [Worker-30] WARN  o.e.m.c.i.embedder.EclipseLogger - Using platform encoding (Cp1252 actually) to copy filtered resources, i.e. build is platform dependent!
2020-08-24 14:48:11,325 [Worker-30] INFO  o.e.m.c.i.embedder.EclipseLogger - skip non existing resourceDirectory E:\Sheetal\ERPGitProject\ERP19August\src\test\resources
2020-08-24 14:48:44,040 [Worker-26] INFO  o.e.m.c.i.embedder.EclipseLogger - Source directory: E:\Sheetal\ERPGitProject\ERP19August\scenarios added.
2020-08-24 14:48:44,041 [Worker-26] WARN  o.e.m.c.i.embedder.EclipseLogger - Using platform encoding (Cp1252 actually) to copy filtered resources, i.e. build is platform dependent!
2020-08-24 14:48:44,050 [Worker-26] INFO  o.e.m.c.i.embedder.EclipseLogger - skip non existing resourceDirectory E:\Sheetal\ERPGitProject\ERP19August\src\main\resources
2020-08-24 14:48:44,058 [Worker-26] WARN  o.e.m.c.i.embedder.EclipseLogger - Using platform encoding (Cp1252 actually) to copy filtered resources, i.e. build is platform dependent!
2020-08-24 14:48:44,065 [Worker-26] INFO  o.e.m.c.i.embedder.EclipseLogger - skip non existing resourceDirectory E:\Sheetal\ERPGitProject\ERP19August\src\test\resources
2020-08-24 14:48:46,433 [Worker-9] INFO  o.e.m.c.i.embedder.EclipseLogger - Source directory: E:\Sheetal\ERPGitProject\ERP19August\scenarios added.
2020-08-24 14:48:46,434 [Worker-9] WARN  o.e.m.c.i.embedder.EclipseLogger - Using platform encoding (Cp1252 actually) to copy filtered resources, i.e. build is platform dependent!
2020-08-24 14:48:46,448 [Worker-9] INFO  o.e.m.c.i.embedder.EclipseLogger - skip non existing resourceDirectory E:\Sheetal\ERPGitProject\ERP19August\src\main\resources
2020-08-24 14:48:46,455 [Worker-9] WARN  o.e.m.c.i.embedder.EclipseLogger - Using platform encoding (Cp1252 actually) to copy filtered resources, i.e. build is platform dependent!
2020-08-24 14:48:46,470 [Worker-9] INFO  o.e.m.c.i.embedder.EclipseLogger - skip non existing resourceDirectory E:\Sheetal\ERPGitProject\ERP19August\src\test\resources
2020-08-24 14:53:56,073 [Worker-26] INFO  o.e.m.c.i.embedder.EclipseLogger - Source directory: E:\Sheetal\ERPGitProject\ERP19August\scenarios added.
2020-08-24 14:53:56,118 [Worker-26] WARN  o.e.m.c.i.embedder.EclipseLogger - Using platform encoding (Cp1252 actually) to copy filtered resources, i.e. build is platform dependent!
2020-08-24 14:53:56,145 [Worker-26] INFO  o.e.m.c.i.embedder.EclipseLogger - skip non existing resourceDirectory E:\Sheetal\ERPGitProject\ERP19August\src\main\resources
2020-08-24 14:53:56,152 [Worker-26] WARN  o.e.m.c.i.embedder.EclipseLogger - Using platform encoding (Cp1252 actually) to copy filtered resources, i.e. build is platform dependent!
2020-08-24 14:53:56,161 [Worker-26] INFO  o.e.m.c.i.embedder.EclipseLogger - skip non existing resourceDirectory E:\Sheetal\ERPGitProject\ERP19August\src\test\resources
2020-08-24 14:54:44,020 [Worker-30] INFO  o.e.m.c.i.embedder.EclipseLogger - Source directory: E:\Sheetal\ERPGitProject\ERP19August\scenarios added.
2020-08-24 14:54:44,021 [Worker-30] WARN  o.e.m.c.i.embedder.EclipseLogger - Using platform encoding (Cp1252 actually) to copy filtered resources, i.e. build is platform dependent!
2020-08-24 14:54:44,029 [Worker-30] INFO  o.e.m.c.i.embedder.EclipseLogger - skip non existing resourceDirectory E:\Sheetal\ERPGitProject\ERP19August\src\main\resources
2020-08-24 14:54:44,030 [Worker-30] WARN  o.e.m.c.i.embedder.EclipseLogger - Using platform encoding (Cp1252 actually) to copy filtered resources, i.e. build is platform dependent!
2020-08-24 14:54:44,045 [Worker-30] INFO  o.e.m.c.i.embedder.EclipseLogger - skip non existing resourceDirectory E:\Sheetal\ERPGitProject\ERP19August\src\test\resources
2020-08-24 14:55:31,671 [Worker-26] INFO  o.e.m.c.i.embedder.EclipseLogger - Source directory: E:\Sheetal\ERPGitProject\ERP19August\scenarios added.
2020-08-24 14:55:31,677 [Worker-26] WARN  o.e.m.c.i.embedder.EclipseLogger - Using platform encoding (Cp1252 actually) to copy filtered resources, i.e. build is platform dependent!
2020-08-24 14:55:31,690 [Worker-26] INFO  o.e.m.c.i.embedder.EclipseLogger - skip non existing resourceDirectory E:\Sheetal\ERPGitProject\ERP19August\src\main\resources
2020-08-24 14:55:31,697 [Worker-26] WARN  o.e.m.c.i.embedder.EclipseLogger - Using platform encoding (Cp1252 actually) to copy filtered resources, i.e. build is platform dependent!
2020-08-24 14:55:31,710 [Worker-26] INFO  o.e.m.c.i.embedder.EclipseLogger - skip non existing resourceDirectory E:\Sheetal\ERPGitProject\ERP19August\src\test\resources
2020-08-24 14:56:08,618 [Worker-30] INFO  o.e.m.c.i.embedder.EclipseLogger - Source directory: E:\Sheetal\ERPGitProject\ERP19August\scenarios added.
2020-08-24 14:56:08,619 [Worker-30] WARN  o.e.m.c.i.embedder.EclipseLogger - Using platform encoding (Cp1252 actually) to copy filtered resources, i.e. build is platform dependent!
2020-08-24 14:56:08,632 [Worker-30] INFO  o.e.m.c.i.embedder.EclipseLogger - skip non existing resourceDirectory E:\Sheetal\ERPGitProject\ERP19August\src\main\resources
2020-08-24 14:56:08,639 [Worker-30] WARN  o.e.m.c.i.embedder.EclipseLogger - Using platform encoding (Cp1252 actually) to copy filtered resources, i.e. build is platform dependent!
2020-08-24 14:56:08,655 [Worker-30] INFO  o.e.m.c.i.embedder.EclipseLogger - skip non existing resourceDirectory E:\Sheetal\ERPGitProject\ERP19August\src\test\resources
2020-08-24 14:58:10,923 [Worker-27] INFO  o.e.m.c.i.embedder.EclipseLogger - Source directory: E:\Sheetal\ERPGitProject\ERP19August\scenarios added.
2020-08-24 14:58:10,936 [Worker-27] WARN  o.e.m.c.i.embedder.EclipseLogger - Using platform encoding (Cp1252 actually) to copy filtered resources, i.e. build is platform dependent!
2020-08-24 14:58:10,953 [Worker-27] INFO  o.e.m.c.i.embedder.EclipseLogger - skip non existing resourceDirectory E:\Sheetal\ERPGitProject\ERP19August\src\main\resources
2020-08-24 14:58:10,963 [Worker-27] WARN  o.e.m.c.i.embedder.EclipseLogger - Using platform encoding (Cp1252 actually) to copy filtered resources, i.e. build is platform dependent!
2020-08-24 14:58:10,974 [Worker-27] INFO  o.e.m.c.i.embedder.EclipseLogger - skip non existing resourceDirectory E:\Sheetal\ERPGitProject\ERP19August\src\test\resources
2020-08-24 14:58:12,084 [Worker-29] INFO  o.e.m.c.i.embedder.EclipseLogger - Source directory: E:\Sheetal\ERPGitProject\ERP19August\scenarios added.
2020-08-24 14:58:12,085 [Worker-29] WARN  o.e.m.c.i.embedder.EclipseLogger - Using platform encoding (Cp1252 actually) to copy filtered resources, i.e. build is platform dependent!
2020-08-24 14:58:12,095 [Worker-29] INFO  o.e.m.c.i.embedder.EclipseLogger - skip non existing resourceDirectory E:\Sheetal\ERPGitProject\ERP19August\src\main\resources
2020-08-24 14:58:12,095 [Worker-29] WARN  o.e.m.c.i.embedder.EclipseLogger - Using platform encoding (Cp1252 actually) to copy filtered resources, i.e. build is platform dependent!
2020-08-24 14:58:12,103 [Worker-29] INFO  o.e.m.c.i.embedder.EclipseLogger - skip non existing resourceDirectory E:\Sheetal\ERPGitProject\ERP19August\src\test\resources
2020-08-24 14:59:11,743 [Worker-28] INFO  o.e.m.c.i.embedder.EclipseLogger - Source directory: E:\Sheetal\ERPGitProject\ERP19August\scenarios added.
2020-08-24 14:59:11,744 [Worker-28] WARN  o.e.m.c.i.embedder.EclipseLogger - Using platform encoding (Cp1252 actually) to copy filtered resources, i.e. build is platform dependent!
2020-08-24 14:59:11,752 [Worker-28] INFO  o.e.m.c.i.embedder.EclipseLogger - skip non existing resourceDirectory E:\Sheetal\ERPGitProject\ERP19August\src\main\resources
2020-08-24 14:59:11,760 [Worker-28] WARN  o.e.m.c.i.embedder.EclipseLogger - Using platform encoding (Cp1252 actually) to copy filtered resources, i.e. build is platform dependent!
2020-08-24 14:59:11,770 [Worker-28] INFO  o.e.m.c.i.embedder.EclipseLogger - skip non existing resourceDirectory E:\Sheetal\ERPGitProject\ERP19August\src\test\resources
2020-08-24 14:59:12,971 [Worker-28] INFO  o.e.m.c.i.embedder.EclipseLogger - Source directory: E:\Sheetal\ERPGitProject\ERP19August\scenarios added.
2020-08-24 14:59:12,972 [Worker-28] WARN  o.e.m.c.i.embedder.EclipseLogger - Using platform encoding (Cp1252 actually) to copy filtered resources, i.e. build is platform dependent!
2020-08-24 14:59:12,984 [Worker-28] INFO  o.e.m.c.i.embedder.EclipseLogger - skip non existing resourceDirectory E:\Sheetal\ERPGitProject\ERP19August\src\main\resources
2020-08-24 14:59:12,991 [Worker-28] WARN  o.e.m.c.i.embedder.EclipseLogger - Using platform encoding (Cp1252 actually) to copy filtered resources, i.e. build is platform dependent!
2020-08-24 14:59:13,003 [Worker-28] INFO  o.e.m.c.i.embedder.EclipseLogger - skip non existing resourceDirectory E:\Sheetal\ERPGitProject\ERP19August\src\test\resources
2020-08-24 15:04:29,214 [Worker-39] INFO  o.e.m.c.i.embedder.EclipseLogger - Source directory: E:\Sheetal\ERPGitProject\ERP19August\scenarios added.
2020-08-24 15:04:29,225 [Worker-39] WARN  o.e.m.c.i.embedder.EclipseLogger - Using platform encoding (Cp1252 actually) to copy filtered resources, i.e. build is platform dependent!
2020-08-24 15:04:29,272 [Worker-39] INFO  o.e.m.c.i.embedder.EclipseLogger - skip non existing resourceDirectory E:\Sheetal\ERPGitProject\ERP19August\src\main\resources
2020-08-24 15:04:29,279 [Worker-39] WARN  o.e.m.c.i.embedder.EclipseLogger - Using platform encoding (Cp1252 actually) to copy filtered resources, i.e. build is platform dependent!
2020-08-24 15:04:29,289 [Worker-39] INFO  o.e.m.c.i.embedder.EclipseLogger - skip non existing resourceDirectory E:\Sheetal\ERPGitProject\ERP19August\src\test\resources
2020-08-24 15:07:10,496 [Worker-24] INFO  o.e.m.c.i.e.AbstractTransferListenerAdapter - Downloading https://repo.maven.apache.org/maven2/org/testng/testng/6.11/testng-6.11-sources.jar
2020-08-24 15:07:11,848 [Worker-24] INFO  o.e.m.c.i.e.AbstractTransferListenerAdapter - Downloaded https://repo.maven.apache.org/maven2/org/testng/testng/6.11/testng-6.11-sources.jar
2020-08-24 15:07:14,147 [Worker-24] INFO  o.e.m.j.internal.DownloadSourcesJob - Downloaded sources for org.testng:testng:6.11
2020-08-24 15:07:14,545 [Worker-39] INFO  o.e.m.c.i.embedder.EclipseLogger - Source directory: E:\Sheetal\ERPGitProject\ERP19August\scenarios added.
2020-08-24 15:07:14,585 [Worker-39] WARN  o.e.m.c.i.embedder.EclipseLogger - Using platform encoding (Cp1252 actually) to copy filtered resources, i.e. build is platform dependent!
2020-08-24 15:07:14,593 [Worker-39] INFO  o.e.m.c.i.embedder.EclipseLogger - skip non existing resourceDirectory E:\Sheetal\ERPGitProject\ERP19August\src\main\resources
2020-08-24 15:07:14,600 [Worker-39] WARN  o.e.m.c.i.embedder.EclipseLogger - Using platform encoding (Cp1252 actually) to copy filtered resources, i.e. build is platform dependent!
2020-08-24 15:07:14,607 [Worker-39] INFO  o.e.m.c.i.embedder.EclipseLogger - skip non existing resourceDirectory E:\Sheetal\ERPGitProject\ERP19August\src\test\resources
2020-08-24 15:25:12,557 [Worker-43] INFO  o.e.m.c.i.embedder.EclipseLogger - Source directory: E:\Sheetal\ERPGitProject\ERP19August\scenarios added.
2020-08-24 15:25:12,559 [Worker-43] WARN  o.e.m.c.i.embedder.EclipseLogger - Using platform encoding (Cp1252 actually) to copy filtered resources, i.e. build is platform dependent!
2020-08-24 15:25:12,594 [Worker-43] INFO  o.e.m.c.i.embedder.EclipseLogger - skip non existing resourceDirectory E:\Sheetal\ERPGitProject\ERP19August\src\main\resources
2020-08-24 15:25:12,595 [Worker-43] WARN  o.e.m.c.i.embedder.EclipseLogger - Using platform encoding (Cp1252 actually) to copy filtered resources, i.e. build is platform dependent!
2020-08-24 15:25:12,622 [Worker-43] INFO  o.e.m.c.i.embedder.EclipseLogger - skip non existing resourceDirectory E:\Sheetal\ERPGitProject\ERP19August\src\test\resources
2020-08-24 15:25:55,585 [Worker-28] INFO  o.e.m.c.i.embedder.EclipseLogger - Source directory: E:\Sheetal\ERPGitProject\ERP19August\scenarios added.
2020-08-24 15:25:55,593 [Worker-28] WARN  o.e.m.c.i.embedder.EclipseLogger - Using platform encoding (Cp1252 actually) to copy filtered resources, i.e. build is platform dependent!
2020-08-24 15:25:55,611 [Worker-28] INFO  o.e.m.c.i.embedder.EclipseLogger - skip non existing resourceDirectory E:\Sheetal\ERPGitProject\ERP19August\src\main\resources
2020-08-24 15:25:55,619 [Worker-28] WARN  o.e.m.c.i.embedder.EclipseLogger - Using platform encoding (Cp1252 actually) to copy filtered resources, i.e. build is platform dependent!
2020-08-24 15:25:55,630 [Worker-28] INFO  o.e.m.c.i.embedder.EclipseLogger - skip non existing resourceDirectory E:\Sheetal\ERPGitProject\ERP19August\src\test\resources
2020-08-24 15:26:40,054 [Worker-24] INFO  o.e.m.c.i.embedder.EclipseLogger - Source directory: E:\Sheetal\ERPGitProject\ERP19August\scenarios added.
2020-08-24 15:26:40,057 [Worker-24] WARN  o.e.m.c.i.embedder.EclipseLogger - Using platform encoding (Cp1252 actually) to copy filtered resources, i.e. build is platform dependent!
2020-08-24 15:26:40,094 [Worker-24] INFO  o.e.m.c.i.embedder.EclipseLogger - skip non existing resourceDirectory E:\Sheetal\ERPGitProject\ERP19August\src\main\resources
2020-08-24 15:26:40,107 [Worker-24] WARN  o.e.m.c.i.embedder.EclipseLogger - Using platform encoding (Cp1252 actually) to copy filtered resources, i.e. build is platform dependent!
2020-08-24 15:26:40,125 [Worker-24] INFO  o.e.m.c.i.embedder.EclipseLogger - skip non existing resourceDirectory E:\Sheetal\ERPGitProject\ERP19August\src\test\resources
2020-08-24 15:30:05,527 [Worker-38] INFO  o.e.m.c.i.embedder.EclipseLogger - Source directory: E:\Sheetal\ERPGitProject\ERP19August\scenarios added.
2020-08-24 15:30:05,537 [Worker-38] WARN  o.e.m.c.i.embedder.EclipseLogger - Using platform encoding (Cp1252 actually) to copy filtered resources, i.e. build is platform dependent!
2020-08-24 15:30:05,558 [Worker-38] INFO  o.e.m.c.i.embedder.EclipseLogger - skip non existing resourceDirectory E:\Sheetal\ERPGitProject\ERP19August\src\main\resources
2020-08-24 15:30:05,570 [Worker-38] WARN  o.e.m.c.i.embedder.EclipseLogger - Using platform encoding (Cp1252 actually) to copy filtered resources, i.e. build is platform dependent!
2020-08-24 15:30:05,585 [Worker-38] INFO  o.e.m.c.i.embedder.EclipseLogger - skip non existing resourceDirectory E:\Sheetal\ERPGitProject\ERP19August\src\test\resources
2020-08-24 15:30:20,340 [Worker-17] INFO  o.e.m.c.i.embedder.EclipseLogger - Source directory: E:\Sheetal\ERPGitProject\ERP19August\scenarios added.
2020-08-24 15:30:20,343 [Worker-17] WARN  o.e.m.c.i.embedder.EclipseLogger - Using platform encoding (Cp1252 actually) to copy filtered resources, i.e. build is platform dependent!
2020-08-24 15:30:20,375 [Worker-17] INFO  o.e.m.c.i.embedder.EclipseLogger - skip non existing resourceDirectory E:\Sheetal\ERPGitProject\ERP19August\src\main\resources
2020-08-24 15:30:20,376 [Worker-17] WARN  o.e.m.c.i.embedder.EclipseLogger - Using platform encoding (Cp1252 actually) to copy filtered resources, i.e. build is platform dependent!
2020-08-24 15:30:20,393 [Worker-17] INFO  o.e.m.c.i.embedder.EclipseLogger - skip non existing resourceDirectory E:\Sheetal\ERPGitProject\ERP19August\src\test\resources
2020-08-24 15:31:28,243 [Worker-52] INFO  o.e.m.c.i.embedder.EclipseLogger - Source directory: E:\Sheetal\ERPGitProject\ERP19August\scenarios added.
2020-08-24 15:31:28,245 [Worker-52] WARN  o.e.m.c.i.embedder.EclipseLogger - Using platform encoding (Cp1252 actually) to copy filtered resources, i.e. build is platform dependent!
2020-08-24 15:31:28,260 [Worker-52] INFO  o.e.m.c.i.embedder.EclipseLogger - skip non existing resourceDirectory E:\Sheetal\ERPGitProject\ERP19August\src\main\resources
2020-08-24 15:31:28,280 [Worker-52] WARN  o.e.m.c.i.embedder.EclipseLogger - Using platform encoding (Cp1252 actually) to copy filtered resources, i.e. build is platform dependent!
2020-08-24 15:31:28,295 [Worker-52] INFO  o.e.m.c.i.embedder.EclipseLogger - skip non existing resourceDirectory E:\Sheetal\ERPGitProject\ERP19August\src\test\resources
2020-08-24 15:31:32,130 [Worker-52] INFO  o.e.m.c.i.embedder.EclipseLogger - Source directory: E:\Sheetal\ERPGitProject\ERP19August\scenarios added.
2020-08-24 15:31:32,132 [Worker-52] WARN  o.e.m.c.i.embedder.EclipseLogger - Using platform encoding (Cp1252 actually) to copy filtered resources, i.e. build is platform dependent!
2020-08-24 15:31:32,148 [Worker-52] INFO  o.e.m.c.i.embedder.EclipseLogger - skip non existing resourceDirectory E:\Sheetal\ERPGitProject\ERP19August\src\main\resources
2020-08-24 15:31:32,158 [Worker-52] WARN  o.e.m.c.i.embedder.EclipseLogger - Using platform encoding (Cp1252 actually) to copy filtered resources, i.e. build is platform dependent!
2020-08-24 15:31:32,179 [Worker-52] INFO  o.e.m.c.i.embedder.EclipseLogger - skip non existing resourceDirectory E:\Sheetal\ERPGitProject\ERP19August\src\test\resources
2020-08-24 15:36:45,892 [Worker-56] INFO  o.e.m.c.i.embedder.EclipseLogger - Source directory: E:\Sheetal\ERPGitProject\ERP19August\scenarios added.
2020-08-24 15:36:45,902 [Worker-56] WARN  o.e.m.c.i.embedder.EclipseLogger - Using platform encoding (Cp1252 actually) to copy filtered resources, i.e. build is platform dependent!
2020-08-24 15:36:45,924 [Worker-56] INFO  o.e.m.c.i.embedder.EclipseLogger - skip non existing resourceDirectory E:\Sheetal\ERPGitProject\ERP19August\src\main\resources
2020-08-24 15:36:45,934 [Worker-56] WARN  o.e.m.c.i.embedder.EclipseLogger - Using platform encoding (Cp1252 actually) to copy filtered resources, i.e. build is platform dependent!
2020-08-24 15:36:45,944 [Worker-56] INFO  o.e.m.c.i.embedder.EclipseLogger - skip non existing resourceDirectory E:\Sheetal\ERPGitProject\ERP19August\src\test\resources
2020-08-24 15:38:05,505 [Worker-52] INFO  o.e.m.c.i.embedder.EclipseLogger - Source directory: E:\Sheetal\ERPGitProject\ERP19August\scenarios added.
2020-08-24 15:38:05,512 [Worker-52] WARN  o.e.m.c.i.embedder.EclipseLogger - Using platform encoding (Cp1252 actually) to copy filtered resources, i.e. build is platform dependent!
2020-08-24 15:38:05,562 [Worker-52] INFO  o.e.m.c.i.embedder.EclipseLogger - skip non existing resourceDirectory E:\Sheetal\ERPGitProject\ERP19August\src\main\resources
2020-08-24 15:38:05,565 [Worker-52] WARN  o.e.m.c.i.embedder.EclipseLogger - Using platform encoding (Cp1252 actually) to copy filtered resources, i.e. build is platform dependent!
2020-08-24 15:38:05,602 [Worker-52] INFO  o.e.m.c.i.embedder.EclipseLogger - skip non existing resourceDirectory E:\Sheetal\ERPGitProject\ERP19August\src\test\resources
2020-08-24 15:38:28,972 [Worker-37] INFO  o.e.m.c.i.embedder.EclipseLogger - Source directory: E:\Sheetal\ERPGitProject\ERP19August\scenarios added.
2020-08-24 15:38:28,982 [Worker-37] WARN  o.e.m.c.i.embedder.EclipseLogger - Using platform encoding (Cp1252 actually) to copy filtered resources, i.e. build is platform dependent!
2020-08-24 15:38:29,004 [Worker-37] INFO  o.e.m.c.i.embedder.EclipseLogger - skip non existing resourceDirectory E:\Sheetal\ERPGitProject\ERP19August\src\main\resources
2020-08-24 15:38:29,014 [Worker-37] WARN  o.e.m.c.i.embedder.EclipseLogger - Using platform encoding (Cp1252 actually) to copy filtered resources, i.e. build is platform dependent!
2020-08-24 15:38:29,028 [Worker-37] INFO  o.e.m.c.i.embedder.EclipseLogger - skip non existing resourceDirectory E:\Sheetal\ERPGitProject\ERP19August\src\test\resources
2020-08-24 15:51:38,975 [Worker-60] INFO  o.e.m.c.i.embedder.EclipseLogger - Source directory: E:\Sheetal\ERPGitProject\ERP19August\scenarios added.
2020-08-24 15:51:38,975 [Worker-60] WARN  o.e.m.c.i.embedder.EclipseLogger - Using platform encoding (Cp1252 actually) to copy filtered resources, i.e. build is platform dependent!
2020-08-24 15:51:38,995 [Worker-60] INFO  o.e.m.c.i.embedder.EclipseLogger - skip non existing resourceDirectory E:\Sheetal\ERPGitProject\ERP19August\src\main\resources
2020-08-24 15:51:39,004 [Worker-60] WARN  o.e.m.c.i.embedder.EclipseLogger - Using platform encoding (Cp1252 actually) to copy filtered resources, i.e. build is platform dependent!
2020-08-24 15:51:39,023 [Worker-60] INFO  o.e.m.c.i.embedder.EclipseLogger - skip non existing resourceDirectory E:\Sheetal\ERPGitProject\ERP19August\src\test\resources
2020-08-24 15:51:45,589 [Worker-29] INFO  o.e.m.c.i.embedder.EclipseLogger - Source directory: E:\Sheetal\ERPGitProject\ERP19August\scenarios added.
2020-08-24 15:51:45,598 [Worker-29] WARN  o.e.m.c.i.embedder.EclipseLogger - Using platform encoding (Cp1252 actually) to copy filtered resources, i.e. build is platform dependent!
2020-08-24 15:51:45,619 [Worker-29] INFO  o.e.m.c.i.embedder.EclipseLogger - skip non existing resourceDirectory E:\Sheetal\ERPGitProject\ERP19August\src\main\resources
2020-08-24 15:51:45,630 [Worker-29] WARN  o.e.m.c.i.embedder.EclipseLogger - Using platform encoding (Cp1252 actually) to copy filtered resources, i.e. build is platform dependent!
2020-08-24 15:51:45,643 [Worker-29] INFO  o.e.m.c.i.embedder.EclipseLogger - skip non existing resourceDirectory E:\Sheetal\ERPGitProject\ERP19August\src\test\resources
2020-08-24 15:52:11,991 [Worker-29] INFO  o.e.m.c.i.embedder.EclipseLogger - Source directory: E:\Sheetal\ERPGitProject\ERP19August\scenarios added.
2020-08-24 15:52:11,993 [Worker-29] WARN  o.e.m.c.i.embedder.EclipseLogger - Using platform encoding (Cp1252 actually) to copy filtered resources, i.e. build is platform dependent!
2020-08-24 15:52:12,007 [Worker-29] INFO  o.e.m.c.i.embedder.EclipseLogger - skip non existing resourceDirectory E:\Sheetal\ERPGitProject\ERP19August\src\main\resources
2020-08-24 15:52:12,009 [Worker-29] WARN  o.e.m.c.i.embedder.EclipseLogger - Using platform encoding (Cp1252 actually) to copy filtered resources, i.e. build is platform dependent!
2020-08-24 15:52:12,029 [Worker-29] INFO  o.e.m.c.i.embedder.EclipseLogger - skip non existing resourceDirectory E:\Sheetal\ERPGitProject\ERP19August\src\test\resources
2020-08-24 15:52:20,136 [Worker-62] INFO  o.e.m.c.i.embedder.EclipseLogger - Source directory: E:\Sheetal\ERPGitProject\ERP19August\scenarios added.
2020-08-24 15:52:20,137 [Worker-62] WARN  o.e.m.c.i.embedder.EclipseLogger - Using platform encoding (Cp1252 actually) to copy filtered resources, i.e. build is platform dependent!
2020-08-24 15:52:20,145 [Worker-62] INFO  o.e.m.c.i.embedder.EclipseLogger - skip non existing resourceDirectory E:\Sheetal\ERPGitProject\ERP19August\src\main\resources
2020-08-24 15:52:20,155 [Worker-62] WARN  o.e.m.c.i.embedder.EclipseLogger - Using platform encoding (Cp1252 actually) to copy filtered resources, i.e. build is platform dependent!
2020-08-24 15:52:20,166 [Worker-62] INFO  o.e.m.c.i.embedder.EclipseLogger - skip non existing resourceDirectory E:\Sheetal\ERPGitProject\ERP19August\src\test\resources
2020-08-24 16:12:24,571 [Worker-64] INFO  o.e.m.c.i.embedder.EclipseLogger - Source directory: E:\Sheetal\ERPGitProject\ERP19August\scenarios added.
2020-08-24 16:12:24,575 [Worker-64] WARN  o.e.m.c.i.embedder.EclipseLogger - Using platform encoding (Cp1252 actually) to copy filtered resources, i.e. build is platform dependent!
2020-08-24 16:12:24,597 [Worker-64] INFO  o.e.m.c.i.embedder.EclipseLogger - skip non existing resourceDirectory E:\Sheetal\ERPGitProject\ERP19August\src\main\resources
2020-08-24 16:12:24,604 [Worker-64] WARN  o.e.m.c.i.embedder.EclipseLogger - Using platform encoding (Cp1252 actually) to copy filtered resources, i.e. build is platform dependent!
2020-08-24 16:12:24,619 [Worker-64] INFO  o.e.m.c.i.embedder.EclipseLogger - skip non existing resourceDirectory E:\Sheetal\ERPGitProject\ERP19August\src\test\resources
2020-08-24 16:12:54,200 [Worker-68] INFO  o.e.m.c.i.embedder.EclipseLogger - Source directory: E:\Sheetal\ERPGitProject\ERP19August\scenarios added.
2020-08-24 16:12:54,211 [Worker-68] WARN  o.e.m.c.i.embedder.EclipseLogger - Using platform encoding (Cp1252 actually) to copy filtered resources, i.e. build is platform dependent!
2020-08-24 16:12:54,231 [Worker-68] INFO  o.e.m.c.i.embedder.EclipseLogger - skip non existing resourceDirectory E:\Sheetal\ERPGitProject\ERP19August\src\main\resources
2020-08-24 16:12:54,239 [Worker-68] WARN  o.e.m.c.i.embedder.EclipseLogger - Using platform encoding (Cp1252 actually) to copy filtered resources, i.e. build is platform dependent!
2020-08-24 16:12:54,250 [Worker-68] INFO  o.e.m.c.i.embedder.EclipseLogger - skip non existing resourceDirectory E:\Sheetal\ERPGitProject\ERP19August\src\test\resources
2020-08-24 16:13:26,007 [Worker-68] INFO  o.e.m.c.i.embedder.EclipseLogger - Source directory: E:\Sheetal\ERPGitProject\ERP19August\scenarios added.
2020-08-24 16:13:26,008 [Worker-68] WARN  o.e.m.c.i.embedder.EclipseLogger - Using platform encoding (Cp1252 actually) to copy filtered resources, i.e. build is platform dependent!
2020-08-24 16:13:26,017 [Worker-68] INFO  o.e.m.c.i.embedder.EclipseLogger - skip non existing resourceDirectory E:\Sheetal\ERPGitProject\ERP19August\src\main\resources
2020-08-24 16:13:26,018 [Worker-68] WARN  o.e.m.c.i.embedder.EclipseLogger - Using platform encoding (Cp1252 actually) to copy filtered resources, i.e. build is platform dependent!
2020-08-24 16:13:26,034 [Worker-68] INFO  o.e.m.c.i.embedder.EclipseLogger - skip non existing resourceDirectory E:\Sheetal\ERPGitProject\ERP19August\src\test\resources
2020-08-24 16:13:41,825 [Worker-69] INFO  o.e.m.c.i.embedder.EclipseLogger - Source directory: E:\Sheetal\ERPGitProject\ERP19August\scenarios added.
2020-08-24 16:13:41,837 [Worker-69] WARN  o.e.m.c.i.embedder.EclipseLogger - Using platform encoding (Cp1252 actually) to copy filtered resources, i.e. build is platform dependent!
2020-08-24 16:13:41,855 [Worker-69] INFO  o.e.m.c.i.embedder.EclipseLogger - skip non existing resourceDirectory E:\Sheetal\ERPGitProject\ERP19August\src\main\resources
2020-08-24 16:13:41,863 [Worker-69] WARN  o.e.m.c.i.embedder.EclipseLogger - Using platform encoding (Cp1252 actually) to copy filtered resources, i.e. build is platform dependent!
2020-08-24 16:13:41,873 [Worker-69] INFO  o.e.m.c.i.embedder.EclipseLogger - skip non existing resourceDirectory E:\Sheetal\ERPGitProject\ERP19August\src\test\resources
2020-08-24 16:14:08,420 [Worker-66] INFO  o.e.m.c.i.embedder.EclipseLogger - Source directory: E:\Sheetal\ERPGitProject\ERP19August\scenarios added.
2020-08-24 16:14:08,422 [Worker-66] WARN  o.e.m.c.i.embedder.EclipseLogger - Using platform encoding (Cp1252 actually) to copy filtered resources, i.e. build is platform dependent!
2020-08-24 16:14:08,443 [Worker-66] INFO  o.e.m.c.i.embedder.EclipseLogger - skip non existing resourceDirectory E:\Sheetal\ERPGitProject\ERP19August\src\main\resources
2020-08-24 16:14:08,452 [Worker-66] WARN  o.e.m.c.i.embedder.EclipseLogger - Using platform encoding (Cp1252 actually) to copy filtered resources, i.e. build is platform dependent!
2020-08-24 16:14:08,470 [Worker-66] INFO  o.e.m.c.i.embedder.EclipseLogger - skip non existing resourceDirectory E:\Sheetal\ERPGitProject\ERP19August\src\test\resources
2020-08-24 16:14:15,950 [Worker-68] INFO  o.e.m.c.i.embedder.EclipseLogger - Source directory: E:\Sheetal\ERPGitProject\ERP19August\scenarios added.
2020-08-24 16:14:15,961 [Worker-68] WARN  o.e.m.c.i.embedder.EclipseLogger - Using platform encoding (Cp1252 actually) to copy filtered resources, i.e. build is platform dependent!
2020-08-24 16:14:15,978 [Worker-68] INFO  o.e.m.c.i.embedder.EclipseLogger - skip non existing resourceDirectory E:\Sheetal\ERPGitProject\ERP19August\src\main\resources
2020-08-24 16:14:15,988 [Worker-68] WARN  o.e.m.c.i.embedder.EclipseLogger - Using platform encoding (Cp1252 actually) to copy filtered resources, i.e. build is platform dependent!
2020-08-24 16:14:15,998 [Worker-68] INFO  o.e.m.c.i.embedder.EclipseLogger - skip non existing resourceDirectory E:\Sheetal\ERPGitProject\ERP19August\src\test\resources
2020-08-24 16:14:24,372 [Worker-66] INFO  o.e.m.c.i.embedder.EclipseLogger - Source directory: E:\Sheetal\ERPGitProject\ERP19August\scenarios added.
2020-08-24 16:14:24,374 [Worker-66] WARN  o.e.m.c.i.embedder.EclipseLogger - Using platform encoding (Cp1252 actually) to copy filtered resources, i.e. build is platform dependent!
2020-08-24 16:14:24,382 [Worker-66] INFO  o.e.m.c.i.embedder.EclipseLogger - skip non existing resourceDirectory E:\Sheetal\ERPGitProject\ERP19August\src\main\resources
2020-08-24 16:14:24,383 [Worker-66] WARN  o.e.m.c.i.embedder.EclipseLogger - Using platform encoding (Cp1252 actually) to copy filtered resources, i.e. build is platform dependent!
2020-08-24 16:14:24,392 [Worker-66] INFO  o.e.m.c.i.embedder.EclipseLogger - skip non existing resourceDirectory E:\Sheetal\ERPGitProject\ERP19August\src\test\resources
2020-08-24 16:15:02,269 [Worker-29] INFO  o.e.m.c.i.embedder.EclipseLogger - Source directory: E:\Sheetal\ERPGitProject\ERP19August\scenarios added.
2020-08-24 16:15:02,270 [Worker-29] WARN  o.e.m.c.i.embedder.EclipseLogger - Using platform encoding (Cp1252 actually) to copy filtered resources, i.e. build is platform dependent!
2020-08-24 16:15:02,279 [Worker-29] INFO  o.e.m.c.i.embedder.EclipseLogger - skip non existing resourceDirectory E:\Sheetal\ERPGitProject\ERP19August\src\main\resources
2020-08-24 16:15:02,288 [Worker-29] WARN  o.e.m.c.i.embedder.EclipseLogger - Using platform encoding (Cp1252 actually) to copy filtered resources, i.e. build is platform dependent!
2020-08-24 16:15:02,297 [Worker-29] INFO  o.e.m.c.i.embedder.EclipseLogger - skip non existing resourceDirectory E:\Sheetal\ERPGitProject\ERP19August\src\test\resources
2020-08-24 16:15:38,401 [Worker-29] INFO  o.e.m.c.i.embedder.EclipseLogger - Source directory: E:\Sheetal\ERPGitProject\ERP19August\scenarios added.
2020-08-24 16:15:38,402 [Worker-29] WARN  o.e.m.c.i.embedder.EclipseLogger - Using platform encoding (Cp1252 actually) to copy filtered resources, i.e. build is platform dependent!
2020-08-24 16:15:38,422 [Worker-29] INFO  o.e.m.c.i.embedder.EclipseLogger - skip non existing resourceDirectory E:\Sheetal\ERPGitProject\ERP19August\src\main\resources
2020-08-24 16:15:38,431 [Worker-29] WARN  o.e.m.c.i.embedder.EclipseLogger - Using platform encoding (Cp1252 actually) to copy filtered resources, i.e. build is platform dependent!
2020-08-24 16:15:38,449 [Worker-29] INFO  o.e.m.c.i.embedder.EclipseLogger - skip non existing resourceDirectory E:\Sheetal\ERPGitProject\ERP19August\src\test\resources
2020-08-24 16:16:16,206 [Worker-64] INFO  o.e.m.c.i.embedder.EclipseLogger - Source directory: E:\Sheetal\ERPGitProject\ERP19August\scenarios added.
2020-08-24 16:16:16,215 [Worker-64] WARN  o.e.m.c.i.embedder.EclipseLogger - Using platform encoding (Cp1252 actually) to copy filtered resources, i.e. build is platform dependent!
2020-08-24 16:16:16,235 [Worker-64] INFO  o.e.m.c.i.embedder.EclipseLogger - skip non existing resourceDirectory E:\Sheetal\ERPGitProject\ERP19August\src\main\resources
2020-08-24 16:16:16,244 [Worker-64] WARN  o.e.m.c.i.embedder.EclipseLogger - Using platform encoding (Cp1252 actually) to copy filtered resources, i.e. build is platform dependent!
2020-08-24 16:16:16,254 [Worker-64] INFO  o.e.m.c.i.embedder.EclipseLogger - skip non existing resourceDirectory E:\Sheetal\ERPGitProject\ERP19August\src\test\resources
2020-08-24 16:16:45,963 [Worker-29] INFO  o.e.m.c.i.embedder.EclipseLogger - Source directory: E:\Sheetal\ERPGitProject\ERP19August\scenarios added.
2020-08-24 16:16:45,964 [Worker-29] WARN  o.e.m.c.i.embedder.EclipseLogger - Using platform encoding (Cp1252 actually) to copy filtered resources, i.e. build is platform dependent!
2020-08-24 16:16:45,971 [Worker-29] INFO  o.e.m.c.i.embedder.EclipseLogger - skip non existing resourceDirectory E:\Sheetal\ERPGitProject\ERP19August\src\main\resources
2020-08-24 16:16:45,971 [Worker-29] WARN  o.e.m.c.i.embedder.EclipseLogger - Using platform encoding (Cp1252 actually) to copy filtered resources, i.e. build is platform dependent!
2020-08-24 16:16:45,987 [Worker-29] INFO  o.e.m.c.i.embedder.EclipseLogger - skip non existing resourceDirectory E:\Sheetal\ERPGitProject\ERP19August\src\test\resources
2020-08-24 16:17:19,699 [Worker-65] INFO  o.e.m.c.i.embedder.EclipseLogger - Source directory: E:\Sheetal\ERPGitProject\ERP19August\scenarios added.
2020-08-24 16:17:19,709 [Worker-65] WARN  o.e.m.c.i.embedder.EclipseLogger - Using platform encoding (Cp1252 actually) to copy filtered resources, i.e. build is platform dependent!
2020-08-24 16:17:19,725 [Worker-65] INFO  o.e.m.c.i.embedder.EclipseLogger - skip non existing resourceDirectory E:\Sheetal\ERPGitProject\ERP19August\src\main\resources
2020-08-24 16:17:19,735 [Worker-65] WARN  o.e.m.c.i.embedder.EclipseLogger - Using platform encoding (Cp1252 actually) to copy filtered resources, i.e. build is platform dependent!
2020-08-24 16:17:19,745 [Worker-65] INFO  o.e.m.c.i.embedder.EclipseLogger - skip non existing resourceDirectory E:\Sheetal\ERPGitProject\ERP19August\src\test\resources
2020-08-24 16:17:26,886 [Worker-29] INFO  o.e.m.c.i.embedder.EclipseLogger - Source directory: E:\Sheetal\ERPGitProject\ERP19August\scenarios added.
2020-08-24 16:17:26,887 [Worker-29] WARN  o.e.m.c.i.embedder.EclipseLogger - Using platform encoding (Cp1252 actually) to copy filtered resources, i.e. build is platform dependent!
2020-08-24 16:17:26,902 [Worker-29] INFO  o.e.m.c.i.embedder.EclipseLogger - skip non existing resourceDirectory E:\Sheetal\ERPGitProject\ERP19August\src\main\resources
2020-08-24 16:17:26,912 [Worker-29] WARN  o.e.m.c.i.embedder.EclipseLogger - Using platform encoding (Cp1252 actually) to copy filtered resources, i.e. build is platform dependent!
2020-08-24 16:17:26,931 [Worker-29] INFO  o.e.m.c.i.embedder.EclipseLogger - skip non existing resourceDirectory E:\Sheetal\ERPGitProject\ERP19August\src\test\resources
2020-08-24 16:22:06,661 [Worker-64] INFO  o.e.m.c.i.embedder.EclipseLogger - Source directory: E:\Sheetal\ERPGitProject\ERP19August\scenarios added.
2020-08-24 16:22:06,670 [Worker-64] WARN  o.e.m.c.i.embedder.EclipseLogger - Using platform encoding (Cp1252 actually) to copy filtered resources, i.e. build is platform dependent!
2020-08-24 16:22:06,688 [Worker-64] INFO  o.e.m.c.i.embedder.EclipseLogger - skip non existing resourceDirectory E:\Sheetal\ERPGitProject\ERP19August\src\main\resources
2020-08-24 16:22:06,698 [Worker-64] WARN  o.e.m.c.i.embedder.EclipseLogger - Using platform encoding (Cp1252 actually) to copy filtered resources, i.e. build is platform dependent!
2020-08-24 16:22:06,709 [Worker-64] INFO  o.e.m.c.i.embedder.EclipseLogger - skip non existing resourceDirectory E:\Sheetal\ERPGitProject\ERP19August\src\test\resources
2020-08-24 16:32:08,166 [Worker-73] INFO  o.e.m.c.i.embedder.EclipseLogger - Source directory: E:\Sheetal\ERPGitProject\ERP19August\scenarios added.
2020-08-24 16:32:08,168 [Worker-73] WARN  o.e.m.c.i.embedder.EclipseLogger - Using platform encoding (Cp1252 actually) to copy filtered resources, i.e. build is platform dependent!
2020-08-24 16:32:08,179 [Worker-73] INFO  o.e.m.c.i.embedder.EclipseLogger - skip non existing resourceDirectory E:\Sheetal\ERPGitProject\ERP19August\src\main\resources
2020-08-24 16:32:08,180 [Worker-73] WARN  o.e.m.c.i.embedder.EclipseLogger - Using platform encoding (Cp1252 actually) to copy filtered resources, i.e. build is platform dependent!
2020-08-24 16:32:08,189 [Worker-73] INFO  o.e.m.c.i.embedder.EclipseLogger - skip non existing resourceDirectory E:\Sheetal\ERPGitProject\ERP19August\src\test\resources
2020-08-24 16:32:27,434 [Worker-76] INFO  o.e.m.c.i.embedder.EclipseLogger - Source directory: E:\Sheetal\ERPGitProject\ERP19August\scenarios added.
2020-08-24 16:32:27,436 [Worker-76] WARN  o.e.m.c.i.embedder.EclipseLogger - Using platform encoding (Cp1252 actually) to copy filtered resources, i.e. build is platform dependent!
2020-08-24 16:32:27,446 [Worker-76] INFO  o.e.m.c.i.embedder.EclipseLogger - skip non existing resourceDirectory E:\Sheetal\ERPGitProject\ERP19August\src\main\resources
2020-08-24 16:32:27,459 [Worker-76] WARN  o.e.m.c.i.embedder.EclipseLogger - Using platform encoding (Cp1252 actually) to copy filtered resources, i.e. build is platform dependent!
2020-08-24 16:32:27,470 [Worker-76] INFO  o.e.m.c.i.embedder.EclipseLogger - skip non existing resourceDirectory E:\Sheetal\ERPGitProject\ERP19August\src\test\resources
2020-08-24 16:34:49,348 [Worker-69] INFO  o.e.m.c.i.embedder.EclipseLogger - Source directory: E:\Sheetal\ERPGitProject\ERP19August\scenarios added.
2020-08-24 16:34:49,350 [Worker-69] WARN  o.e.m.c.i.embedder.EclipseLogger - Using platform encoding (Cp1252 actually) to copy filtered resources, i.e. build is platform dependent!
2020-08-24 16:34:49,366 [Worker-69] INFO  o.e.m.c.i.embedder.EclipseLogger - skip non existing resourceDirectory E:\Sheetal\ERPGitProject\ERP19August\src\main\resources
2020-08-24 16:34:49,375 [Worker-69] WARN  o.e.m.c.i.embedder.EclipseLogger - Using platform encoding (Cp1252 actually) to copy filtered resources, i.e. build is platform dependent!
2020-08-24 16:34:49,392 [Worker-69] INFO  o.e.m.c.i.embedder.EclipseLogger - skip non existing resourceDirectory E:\Sheetal\ERPGitProject\ERP19August\src\test\resources
2020-08-24 16:35:46,477 [Worker-69] INFO  o.e.m.c.i.embedder.EclipseLogger - Source directory: E:\Sheetal\ERPGitProject\ERP19August\scenarios added.
2020-08-24 16:35:46,486 [Worker-69] WARN  o.e.m.c.i.embedder.EclipseLogger - Using platform encoding (Cp1252 actually) to copy filtered resources, i.e. build is platform dependent!
2020-08-24 16:35:46,503 [Worker-69] INFO  o.e.m.c.i.embedder.EclipseLogger - skip non existing resourceDirectory E:\Sheetal\ERPGitProject\ERP19August\src\main\resources
2020-08-24 16:35:46,511 [Worker-69] WARN  o.e.m.c.i.embedder.EclipseLogger - Using platform encoding (Cp1252 actually) to copy filtered resources, i.e. build is platform dependent!
2020-08-24 16:35:46,521 [Worker-69] INFO  o.e.m.c.i.embedder.EclipseLogger - skip non existing resourceDirectory E:\Sheetal\ERPGitProject\ERP19August\src\test\resources
2020-08-24 16:38:59,345 [Worker-77] INFO  o.e.m.c.i.embedder.EclipseLogger - Source directory: E:\Sheetal\ERPGitProject\ERP19August\scenarios added.
2020-08-24 16:38:59,347 [Worker-77] WARN  o.e.m.c.i.embedder.EclipseLogger - Using platform encoding (Cp1252 actually) to copy filtered resources, i.e. build is platform dependent!
2020-08-24 16:38:59,363 [Worker-77] INFO  o.e.m.c.i.embedder.EclipseLogger - skip non existing resourceDirectory E:\Sheetal\ERPGitProject\ERP19August\src\main\resources
2020-08-24 16:38:59,364 [Worker-77] WARN  o.e.m.c.i.embedder.EclipseLogger - Using platform encoding (Cp1252 actually) to copy filtered resources, i.e. build is platform dependent!
2020-08-24 16:38:59,382 [Worker-77] INFO  o.e.m.c.i.embedder.EclipseLogger - skip non existing resourceDirectory E:\Sheetal\ERPGitProject\ERP19August\src\test\resources
2020-08-24 16:44:40,266 [Worker-80] INFO  o.e.m.c.i.embedder.EclipseLogger - Source directory: E:\Sheetal\ERPGitProject\ERP19August\scenarios added.
2020-08-24 16:44:40,276 [Worker-80] WARN  o.e.m.c.i.embedder.EclipseLogger - Using platform encoding (Cp1252 actually) to copy filtered resources, i.e. build is platform dependent!
2020-08-24 16:44:40,291 [Worker-80] INFO  o.e.m.c.i.embedder.EclipseLogger - skip non existing resourceDirectory E:\Sheetal\ERPGitProject\ERP19August\src\main\resources
2020-08-24 16:44:40,301 [Worker-80] WARN  o.e.m.c.i.embedder.EclipseLogger - Using platform encoding (Cp1252 actually) to copy filtered resources, i.e. build is platform dependent!
2020-08-24 16:44:40,310 [Worker-80] INFO  o.e.m.c.i.embedder.EclipseLogger - skip non existing resourceDirectory E:\Sheetal\ERPGitProject\ERP19August\src\test\resources
2020-08-24 16:47:39,435 [Worker-78] INFO  o.e.m.c.i.embedder.EclipseLogger - Source directory: E:\Sheetal\ERPGitProject\ERP19August\scenarios added.
2020-08-24 16:47:39,437 [Worker-78] WARN  o.e.m.c.i.embedder.EclipseLogger - Using platform encoding (Cp1252 actually) to copy filtered resources, i.e. build is platform dependent!
2020-08-24 16:47:39,454 [Worker-78] INFO  o.e.m.c.i.embedder.EclipseLogger - skip non existing resourceDirectory E:\Sheetal\ERPGitProject\ERP19August\src\main\resources
2020-08-24 16:47:39,463 [Worker-78] WARN  o.e.m.c.i.embedder.EclipseLogger - Using platform encoding (Cp1252 actually) to copy filtered resources, i.e. build is platform dependent!
2020-08-24 16:47:39,480 [Worker-78] INFO  o.e.m.c.i.embedder.EclipseLogger - skip non existing resourceDirectory E:\Sheetal\ERPGitProject\ERP19August\src\test\resources
2020-08-24 16:47:46,627 [Worker-78] INFO  o.e.m.c.i.embedder.EclipseLogger - Source directory: E:\Sheetal\ERPGitProject\ERP19August\scenarios added.
2020-08-24 16:47:46,634 [Worker-78] WARN  o.e.m.c.i.embedder.EclipseLogger - Using platform encoding (Cp1252 actually) to copy filtered resources, i.e. build is platform dependent!
2020-08-24 16:47:46,648 [Worker-78] INFO  o.e.m.c.i.embedder.EclipseLogger - skip non existing resourceDirectory E:\Sheetal\ERPGitProject\ERP19August\src\main\resources
2020-08-24 16:47:46,657 [Worker-78] WARN  o.e.m.c.i.embedder.EclipseLogger - Using platform encoding (Cp1252 actually) to copy filtered resources, i.e. build is platform dependent!
2020-08-24 16:47:46,667 [Worker-78] INFO  o.e.m.c.i.embedder.EclipseLogger - skip non existing resourceDirectory E:\Sheetal\ERPGitProject\ERP19August\src\test\resources
2020-08-24 16:51:38,239 [Worker-82] INFO  o.e.m.c.i.embedder.EclipseLogger - Source directory: E:\Sheetal\ERPGitProject\ERP19August\scenarios added.
2020-08-24 16:51:38,240 [Worker-82] WARN  o.e.m.c.i.embedder.EclipseLogger - Using platform encoding (Cp1252 actually) to copy filtered resources, i.e. build is platform dependent!
2020-08-24 16:51:38,247 [Worker-82] INFO  o.e.m.c.i.embedder.EclipseLogger - skip non existing resourceDirectory E:\Sheetal\ERPGitProject\ERP19August\src\main\resources
2020-08-24 16:51:38,248 [Worker-82] WARN  o.e.m.c.i.embedder.EclipseLogger - Using platform encoding (Cp1252 actually) to copy filtered resources, i.e. build is platform dependent!
2020-08-24 16:51:38,257 [Worker-82] INFO  o.e.m.c.i.embedder.EclipseLogger - skip non existing resourceDirectory E:\Sheetal\ERPGitProject\ERP19August\src\test\resources
2020-08-24 16:51:43,070 [Worker-82] INFO  o.e.m.c.i.embedder.EclipseLogger - Source directory: E:\Sheetal\ERPGitProject\ERP19August\scenarios added.
2020-08-24 16:51:43,071 [Worker-82] WARN  o.e.m.c.i.embedder.EclipseLogger - Using platform encoding (Cp1252 actually) to copy filtered resources, i.e. build is platform dependent!
2020-08-24 16:51:43,081 [Worker-82] INFO  o.e.m.c.i.embedder.EclipseLogger - skip non existing resourceDirectory E:\Sheetal\ERPGitProject\ERP19August\src\main\resources
2020-08-24 16:51:43,091 [Worker-82] WARN  o.e.m.c.i.embedder.EclipseLogger - Using platform encoding (Cp1252 actually) to copy filtered resources, i.e. build is platform dependent!
2020-08-24 16:51:43,101 [Worker-82] INFO  o.e.m.c.i.embedder.EclipseLogger - skip non existing resourceDirectory E:\Sheetal\ERPGitProject\ERP19August\src\test\resources
2020-08-24 16:54:06,769 [Worker-84] INFO  o.e.m.c.i.embedder.EclipseLogger - Source directory: E:\Sheetal\ERPGitProject\ERP19August\scenarios added.
2020-08-24 16:54:06,770 [Worker-84] WARN  o.e.m.c.i.embedder.EclipseLogger - Using platform encoding (Cp1252 actually) to copy filtered resources, i.e. build is platform dependent!
2020-08-24 16:54:06,786 [Worker-84] INFO  o.e.m.c.i.embedder.EclipseLogger - skip non existing resourceDirectory E:\Sheetal\ERPGitProject\ERP19August\src\main\resources
2020-08-24 16:54:06,798 [Worker-84] WARN  o.e.m.c.i.embedder.EclipseLogger - Using platform encoding (Cp1252 actually) to copy filtered resources, i.e. build is platform dependent!
2020-08-24 16:54:06,818 [Worker-84] INFO  o.e.m.c.i.embedder.EclipseLogger - skip non existing resourceDirectory E:\Sheetal\ERPGitProject\ERP19August\src\test\resources
2020-08-24 16:54:27,739 [Worker-82] INFO  o.e.m.c.i.embedder.EclipseLogger - Source directory: E:\Sheetal\ERPGitProject\ERP19August\scenarios added.
2020-08-24 16:54:27,746 [Worker-82] WARN  o.e.m.c.i.embedder.EclipseLogger - Using platform encoding (Cp1252 actually) to copy filtered resources, i.e. build is platform dependent!
2020-08-24 16:54:27,764 [Worker-82] INFO  o.e.m.c.i.embedder.EclipseLogger - skip non existing resourceDirectory E:\Sheetal\ERPGitProject\ERP19August\src\main\resources
2020-08-24 16:54:27,773 [Worker-82] WARN  o.e.m.c.i.embedder.EclipseLogger - Using platform encoding (Cp1252 actually) to copy filtered resources, i.e. build is platform dependent!
2020-08-24 16:54:27,782 [Worker-82] INFO  o.e.m.c.i.embedder.EclipseLogger - skip non existing resourceDirectory E:\Sheetal\ERPGitProject\ERP19August\src\test\resources
2020-08-24 16:55:59,154 [Worker-83] INFO  o.e.m.c.i.embedder.EclipseLogger - Source directory: E:\Sheetal\ERPGitProject\ERP19August\scenarios added.
2020-08-24 16:55:59,156 [Worker-83] WARN  o.e.m.c.i.embedder.EclipseLogger - Using platform encoding (Cp1252 actually) to copy filtered resources, i.e. build is platform dependent!
2020-08-24 16:55:59,164 [Worker-83] INFO  o.e.m.c.i.embedder.EclipseLogger - skip non existing resourceDirectory E:\Sheetal\ERPGitProject\ERP19August\src\main\resources
2020-08-24 16:55:59,164 [Worker-83] WARN  o.e.m.c.i.embedder.EclipseLogger - Using platform encoding (Cp1252 actually) to copy filtered resources, i.e. build is platform dependent!
2020-08-24 16:55:59,182 [Worker-83] INFO  o.e.m.c.i.embedder.EclipseLogger - skip non existing resourceDirectory E:\Sheetal\ERPGitProject\ERP19August\src\test\resources
2020-08-24 16:57:21,858 [Worker-82] INFO  o.e.m.c.i.embedder.EclipseLogger - Source directory: E:\Sheetal\ERPGitProject\ERP19August\scenarios added.
2020-08-24 16:57:21,868 [Worker-82] WARN  o.e.m.c.i.embedder.EclipseLogger - Using platform encoding (Cp1252 actually) to copy filtered resources, i.e. build is platform dependent!
2020-08-24 16:57:21,888 [Worker-82] INFO  o.e.m.c.i.embedder.EclipseLogger - skip non existing resourceDirectory E:\Sheetal\ERPGitProject\ERP19August\src\main\resources
2020-08-24 16:57:21,896 [Worker-82] WARN  o.e.m.c.i.embedder.EclipseLogger - Using platform encoding (Cp1252 actually) to copy filtered resources, i.e. build is platform dependent!
2020-08-24 16:57:21,905 [Worker-82] INFO  o.e.m.c.i.embedder.EclipseLogger - skip non existing resourceDirectory E:\Sheetal\ERPGitProject\ERP19August\src\test\resources
2020-08-24 16:58:04,836 [Worker-79] INFO  o.e.m.c.i.embedder.EclipseLogger - Source directory: E:\Sheetal\ERPGitProject\ERP19August\scenarios added.
2020-08-24 16:58:04,837 [Worker-79] WARN  o.e.m.c.i.embedder.EclipseLogger - Using platform encoding (Cp1252 actually) to copy filtered resources, i.e. build is platform dependent!
2020-08-24 16:58:04,861 [Worker-79] INFO  o.e.m.c.i.embedder.EclipseLogger - skip non existing resourceDirectory E:\Sheetal\ERPGitProject\ERP19August\src\main\resources
2020-08-24 16:58:04,868 [Worker-79] WARN  o.e.m.c.i.embedder.EclipseLogger - Using platform encoding (Cp1252 actually) to copy filtered resources, i.e. build is platform dependent!
2020-08-24 16:58:04,887 [Worker-79] INFO  o.e.m.c.i.embedder.EclipseLogger - skip non existing resourceDirectory E:\Sheetal\ERPGitProject\ERP19August\src\test\resources
2020-08-24 17:30:09,590 [Worker-91] INFO  o.e.m.c.i.embedder.EclipseLogger - Source directory: E:\Sheetal\ERPGitProject\ERP19August\scenarios added.
2020-08-24 17:30:09,602 [Worker-91] WARN  o.e.m.c.i.embedder.EclipseLogger - Using platform encoding (Cp1252 actually) to copy filtered resources, i.e. build is platform dependent!
2020-08-24 17:30:09,621 [Worker-91] INFO  o.e.m.c.i.embedder.EclipseLogger - skip non existing resourceDirectory E:\Sheetal\ERPGitProject\ERP19August\src\main\resources
2020-08-24 17:30:09,631 [Worker-91] WARN  o.e.m.c.i.embedder.EclipseLogger - Using platform encoding (Cp1252 actually) to copy filtered resources, i.e. build is platform dependent!
2020-08-24 17:30:09,647 [Worker-91] INFO  o.e.m.c.i.embedder.EclipseLogger - skip non existing resourceDirectory E:\Sheetal\ERPGitProject\ERP19August\src\test\resources
2020-08-24 17:32:03,966 [Worker-88] INFO  o.e.m.c.i.embedder.EclipseLogger - Source directory: E:\Sheetal\ERPGitProject\ERP19August\scenarios added.
2020-08-24 17:32:03,967 [Worker-88] WARN  o.e.m.c.i.embedder.EclipseLogger - Using platform encoding (Cp1252 actually) to copy filtered resources, i.e. build is platform dependent!
2020-08-24 17:32:03,977 [Worker-88] INFO  o.e.m.c.i.embedder.EclipseLogger - skip non existing resourceDirectory E:\Sheetal\ERPGitProject\ERP19August\src\main\resources
2020-08-24 17:32:03,978 [Worker-88] WARN  o.e.m.c.i.embedder.EclipseLogger - Using platform encoding (Cp1252 actually) to copy filtered resources, i.e. build is platform dependent!
2020-08-24 17:32:03,988 [Worker-88] INFO  o.e.m.c.i.embedder.EclipseLogger - skip non existing resourceDirectory E:\Sheetal\ERPGitProject\ERP19August\src\test\resources
2020-08-24 17:32:40,706 [Worker-88] INFO  o.e.m.c.i.embedder.EclipseLogger - Source directory: E:\Sheetal\ERPGitProject\ERP19August\scenarios added.
2020-08-24 17:32:40,707 [Worker-88] WARN  o.e.m.c.i.embedder.EclipseLogger - Using platform encoding (Cp1252 actually) to copy filtered resources, i.e. build is platform dependent!
2020-08-24 17:32:40,716 [Worker-88] INFO  o.e.m.c.i.embedder.EclipseLogger - skip non existing resourceDirectory E:\Sheetal\ERPGitProject\ERP19August\src\main\resources
2020-08-24 17:32:40,724 [Worker-88] WARN  o.e.m.c.i.embedder.EclipseLogger - Using platform encoding (Cp1252 actually) to copy filtered resources, i.e. build is platform dependent!
2020-08-24 17:32:40,732 [Worker-88] INFO  o.e.m.c.i.embedder.EclipseLogger - skip non existing resourceDirectory E:\Sheetal\ERPGitProject\ERP19August\src\test\resources
2020-08-24 17:44:18,728 [Worker-96] INFO  o.e.m.c.i.embedder.EclipseLogger - Source directory: E:\Sheetal\ERPGitProject\ERP19August\scenarios added.
2020-08-24 17:44:18,730 [Worker-96] WARN  o.e.m.c.i.embedder.EclipseLogger - Using platform encoding (Cp1252 actually) to copy filtered resources, i.e. build is platform dependent!
2020-08-24 17:44:18,770 [Worker-96] INFO  o.e.m.c.i.embedder.EclipseLogger - skip non existing resourceDirectory E:\Sheetal\ERPGitProject\ERP19August\src\main\resources
2020-08-24 17:44:18,790 [Worker-96] WARN  o.e.m.c.i.embedder.EclipseLogger - Using platform encoding (Cp1252 actually) to copy filtered resources, i.e. build is platform dependent!
2020-08-24 17:44:18,826 [Worker-96] INFO  o.e.m.c.i.embedder.EclipseLogger - skip non existing resourceDirectory E:\Sheetal\ERPGitProject\ERP19August\src\test\resources
2020-08-24 17:45:49,247 [Worker-99] INFO  o.e.m.c.i.embedder.EclipseLogger - Source directory: E:\Sheetal\ERPGitProject\ERP19August\scenarios added.
2020-08-24 17:45:49,257 [Worker-99] WARN  o.e.m.c.i.embedder.EclipseLogger - Using platform encoding (Cp1252 actually) to copy filtered resources, i.e. build is platform dependent!
2020-08-24 17:45:49,274 [Worker-99] INFO  o.e.m.c.i.embedder.EclipseLogger - skip non existing resourceDirectory E:\Sheetal\ERPGitProject\ERP19August\src\main\resources
2020-08-24 17:45:49,281 [Worker-99] WARN  o.e.m.c.i.embedder.EclipseLogger - Using platform encoding (Cp1252 actually) to copy filtered resources, i.e. build is platform dependent!
2020-08-24 17:45:49,291 [Worker-99] INFO  o.e.m.c.i.embedder.EclipseLogger - skip non existing resourceDirectory E:\Sheetal\ERPGitProject\ERP19August\src\test\resources
